The target system is: Emscripten - 1 - x86
The host system is: Linux - 4.15.0-23-generic - x86_64
Performing C++ SOURCE FILE Test HAS_CPP14_FLAG succeeded with the following output:
Change Dir: /media/benoit/DATA/Benoit/EPFL/tekari/build_webgl/CMakeFiles/CMakeTmp

Run Build Command:"/usr/bin/make" "cmTC_0cc34/fast"
/usr/bin/make -f CMakeFiles/cmTC_0cc34.dir/build.make CMakeFiles/cmTC_0cc34.dir/build
make[1]: Entering directory '/media/benoit/DATA/Benoit/EPFL/tekari/build_webgl/CMakeFiles/CMakeTmp'
Building CXX object CMakeFiles/cmTC_0cc34.dir/src.cxx.o
/home/benoit/Desktop/emsdk/emscripten/1.38.8/em++    -std=c++14 -DHAS_CPP14_FLAG -s ERROR_ON_UNDEFINED_SYMBOLS=1 -s WASM=0   -std=c++14 -o CMakeFiles/cmTC_0cc34.dir/src.cxx.o -c /media/benoit/DATA/Benoit/EPFL/tekari/build_webgl/CMakeFiles/CMakeTmp/src.cxx
Linking CXX executable cmTC_0cc34.js
/usr/bin/cmake -E cmake_link_script CMakeFiles/cmTC_0cc34.dir/link.txt --verbose=1
/home/benoit/Desktop/emsdk/emscripten/1.38.8/em++   -std=c++14 -DHAS_CPP14_FLAG -s ERROR_ON_UNDEFINED_SYMBOLS=1 -s WASM=0    @CMakeFiles/cmTC_0cc34.dir/objects1.rsp  -o cmTC_0cc34.js 
make[1]: Leaving directory '/media/benoit/DATA/Benoit/EPFL/tekari/build_webgl/CMakeFiles/CMakeTmp'

Source file was:
int main() { return 0; }
Performing C++ SOURCE FILE Test HAS_CPP11_FLAG succeeded with the following output:
Change Dir: /media/benoit/DATA/Benoit/EPFL/tekari/build_webgl/CMakeFiles/CMakeTmp

Run Build Command:"/usr/bin/make" "cmTC_35414/fast"
/usr/bin/make -f CMakeFiles/cmTC_35414.dir/build.make CMakeFiles/cmTC_35414.dir/build
make[1]: Entering directory '/media/benoit/DATA/Benoit/EPFL/tekari/build_webgl/CMakeFiles/CMakeTmp'
Building CXX object CMakeFiles/cmTC_35414.dir/src.cxx.o
/home/benoit/Desktop/emsdk/emscripten/1.38.8/em++    -std=c++14 -DHAS_CPP11_FLAG -s ERROR_ON_UNDEFINED_SYMBOLS=1 -s WASM=0   -std=c++11 -o CMakeFiles/cmTC_35414.dir/src.cxx.o -c /media/benoit/DATA/Benoit/EPFL/tekari/build_webgl/CMakeFiles/CMakeTmp/src.cxx
Linking CXX executable cmTC_35414.js
/usr/bin/cmake -E cmake_link_script CMakeFiles/cmTC_35414.dir/link.txt --verbose=1
/home/benoit/Desktop/emsdk/emscripten/1.38.8/em++   -std=c++14 -DHAS_CPP11_FLAG -s ERROR_ON_UNDEFINED_SYMBOLS=1 -s WASM=0    @CMakeFiles/cmTC_35414.dir/objects1.rsp  -o cmTC_35414.js 
make[1]: Leaving directory '/media/benoit/DATA/Benoit/EPFL/tekari/build_webgl/CMakeFiles/CMakeTmp'

Source file was:
int main() { return 0; }
Performing C++ SOURCE FILE Test SUPPORTS_STDCXX11 succeeded with the following output:
Change Dir: /media/benoit/DATA/Benoit/EPFL/tekari/build_webgl/CMakeFiles/CMakeTmp

Run Build Command:"/usr/bin/make" "cmTC_e1c1f/fast"
/usr/bin/make -f CMakeFiles/cmTC_e1c1f.dir/build.make CMakeFiles/cmTC_e1c1f.dir/build
make[1]: Entering directory '/media/benoit/DATA/Benoit/EPFL/tekari/build_webgl/CMakeFiles/CMakeTmp'
Building CXX object CMakeFiles/cmTC_e1c1f.dir/src.cxx.o
/home/benoit/Desktop/emsdk/emscripten/1.38.8/em++    -std=c++14 -DSUPPORTS_STDCXX11   -std=c++11 -o CMakeFiles/cmTC_e1c1f.dir/src.cxx.o -c /media/benoit/DATA/Benoit/EPFL/tekari/build_webgl/CMakeFiles/CMakeTmp/src.cxx
Linking CXX executable cmTC_e1c1f.js
/usr/bin/cmake -E cmake_link_script CMakeFiles/cmTC_e1c1f.dir/link.txt --verbose=1
/home/benoit/Desktop/emsdk/emscripten/1.38.8/em++   -std=c++14 -DSUPPORTS_STDCXX11    @CMakeFiles/cmTC_e1c1f.dir/objects1.rsp  -o cmTC_e1c1f.js 
make[1]: Leaving directory '/media/benoit/DATA/Benoit/EPFL/tekari/build_webgl/CMakeFiles/CMakeTmp'

Source file was:
int main() { return 0; }
