Performing C++ SOURCE FILE Test HAS_LIBCPP failed with the following output:
Change Dir: /media/benoit/DATA/Benoit/EPFL/tekari/build_webgl/CMakeFiles/CMakeTmp

Run Build Command:"/usr/bin/make" "cmTC_82a2f/fast"
/usr/bin/make -f CMakeFiles/cmTC_82a2f.dir/build.make CMakeFiles/cmTC_82a2f.dir/build
make[1]: Entering directory '/media/benoit/DATA/Benoit/EPFL/tekari/build_webgl/CMakeFiles/CMakeTmp'
Building CXX object CMakeFiles/cmTC_82a2f.dir/src.cxx.o
/home/benoit/Desktop/emsdk/emscripten/1.38.8/em++    -std=c++14 -DHAS_LIBCPP -stdlib=libc++   -o CMakeFiles/cmTC_82a2f.dir/src.cxx.o -c /media/benoit/DATA/Benoit/EPFL/tekari/build_webgl/CMakeFiles/CMakeTmp/src.cxx
Linking CXX executable cmTC_82a2f.js
/usr/bin/cmake -E cmake_link_script CMakeFiles/cmTC_82a2f.dir/link.txt --verbose=1
/home/benoit/Desktop/emsdk/emscripten/1.38.8/em++   -std=c++14 -DHAS_LIBCPP -stdlib=libc++    @CMakeFiles/cmTC_82a2f.dir/objects1.rsp  -o cmTC_82a2f.js @CMakeFiles/cmTC_82a2f.dir/linklibs.rsp
make[1]: Leaving directory '/media/benoit/DATA/Benoit/EPFL/tekari/build_webgl/CMakeFiles/CMakeTmp'

Return value: 1
Source file was:
#include <iostream>
int main(int argc, char **argv) { std::cout << "test"; return 0; }
Performing C++ SOURCE FILE Test SUPPORTS_MRTM failed with the following output:
Change Dir: /media/benoit/DATA/Benoit/EPFL/tekari/build_webgl/CMakeFiles/CMakeTmp

Run Build Command:"/usr/bin/make" "cmTC_21f61/fast"
/usr/bin/make -f CMakeFiles/cmTC_21f61.dir/build.make CMakeFiles/cmTC_21f61.dir/build
make[1]: Entering directory '/media/benoit/DATA/Benoit/EPFL/tekari/build_webgl/CMakeFiles/CMakeTmp'
Building CXX object CMakeFiles/cmTC_21f61.dir/src.cxx.o
/home/benoit/Desktop/emsdk/emscripten/1.38.8/em++    -std=c++11  -std=c++14 -DSUPPORTS_MRTM   -mrtm -Werror -o CMakeFiles/cmTC_21f61.dir/src.cxx.o -c /media/benoit/DATA/Benoit/EPFL/tekari/build_webgl/CMakeFiles/CMakeTmp/src.cxx
clang++: error: argument unused during compilation: '-mrtm' [-Werror,-Wunused-command-line-argument]
ERROR:root:compiler frontend failed to generate LLVM bitcode, halting
CMakeFiles/cmTC_21f61.dir/build.make:65: recipe for target 'CMakeFiles/cmTC_21f61.dir/src.cxx.o' failed
make[1]: *** [CMakeFiles/cmTC_21f61.dir/src.cxx.o] Error 1
make[1]: Leaving directory '/media/benoit/DATA/Benoit/EPFL/tekari/build_webgl/CMakeFiles/CMakeTmp'
Makefile:126: recipe for target 'cmTC_21f61/fast' failed
make: *** [cmTC_21f61/fast] Error 2

Source file was:
int main() { return 0; }
